{
  "uid" : "cf54c0d1ca5425b6",
  "name" : "verifyTitle",
  "fullName" : "com.java.testcases.HomeTest.verifyTitle",
  "historyId" : "a511dbc4a9fa9a1e06b9f2c97aa3d5ad",
  "time" : {
    "start" : 1603437900854,
    "stop" : 1603437900855,
    "duration" : 1
  },
  "status" : "skipped",
  "statusMessage" : "session not created\nfrom chrome not reachable\n  (Session info: chrome=86.0.4240.111)\nBuild info: version: '3.141.59', revision: 'e82be7d358', time: '2018-11-14T08:17:03'\nSystem info: host: 'INND3LTFVMHX33', ip: '192.168.1.100', os.name: 'Windows 10', os.arch: 'amd64', os.version: '10.0', java.version: '1.8.0_261'\nDriver info: driver.version: ChromeDriver\nremote stacktrace: Backtrace:\n\tOrdinal0 [0x005AC013+3194899]\n\tOrdinal0 [0x00496021+2056225]\n\tOrdinal0 [0x0032F4B0+586928]\n\tOrdinal0 [0x00325894+546964]\n\tOrdinal0 [0x00325F2C+548652]\n\tOrdinal0 [0x00327175+553333]\n\tOrdinal0 [0x0032241E+533534]\n\tOrdinal0 [0x00330620+591392]\n\tOrdinal0 [0x002D2A0C+207372]\n\tOrdinal0 [0x002D1D0D+204045]\n\tOrdinal0 [0x002CFC1B+195611]\n\tOrdinal0 [0x002B3B7F+80767]\n\tOrdinal0 [0x002B4B4E+84814]\n\tOrdinal0 [0x002B4AD9+84697]\n\tOrdinal0 [0x004ACE64+2149988]\n\tGetHandleVerifier [0x0071BE95+1400773]\n\tGetHandleVerifier [0x0071BB61+1399953]\n\tGetHandleVerifier [0x007231FA+1430314]\n\tGetHandleVerifier [0x0071C69F+1402831]\n\tOrdinal0 [0x004A3D61+2112865]\n\tOrdinal0 [0x004AE5CB+2155979]\n\tOrdinal0 [0x004AE6F5+2156277]\n\tOrdinal0 [0x004BF26E+2224750]\n\tBaseThreadInitThunk [0x76226359+25]\n\tRtlGetAppContainerNamedObjectPath [0x77B47C24+228]\n\tRtlGetAppContainerNamedObjectPath [0x77B47BF4+180]\n",
  "statusTrace" : "org.openqa.selenium.SessionNotCreatedException: session not created\nfrom chrome not reachable\n  (Session info: chrome=86.0.4240.111)\nBuild info: version: '3.141.59', revision: 'e82be7d358', time: '2018-11-14T08:17:03'\nSystem info: host: 'INND3LTFVMHX33', ip: '192.168.1.100', os.name: 'Windows 10', os.arch: 'amd64', os.version: '10.0', java.version: '1.8.0_261'\nDriver info: driver.version: ChromeDriver\nremote stacktrace: Backtrace:\n\tOrdinal0 [0x005AC013+3194899]\n\tOrdinal0 [0x00496021+2056225]\n\tOrdinal0 [0x0032F4B0+586928]\n\tOrdinal0 [0x00325894+546964]\n\tOrdinal0 [0x00325F2C+548652]\n\tOrdinal0 [0x00327175+553333]\n\tOrdinal0 [0x0032241E+533534]\n\tOrdinal0 [0x00330620+591392]\n\tOrdinal0 [0x002D2A0C+207372]\n\tOrdinal0 [0x002D1D0D+204045]\n\tOrdinal0 [0x002CFC1B+195611]\n\tOrdinal0 [0x002B3B7F+80767]\n\tOrdinal0 [0x002B4B4E+84814]\n\tOrdinal0 [0x002B4AD9+84697]\n\tOrdinal0 [0x004ACE64+2149988]\n\tGetHandleVerifier [0x0071BE95+1400773]\n\tGetHandleVerifier [0x0071BB61+1399953]\n\tGetHandleVerifier [0x007231FA+1430314]\n\tGetHandleVerifier [0x0071C69F+1402831]\n\tOrdinal0 [0x004A3D61+2112865]\n\tOrdinal0 [0x004AE5CB+2155979]\n\tOrdinal0 [0x004AE6F5+2156277]\n\tOrdinal0 [0x004BF26E+2224750]\n\tBaseThreadInitThunk [0x76226359+25]\n\tRtlGetAppContainerNamedObjectPath [0x77B47C24+228]\n\tRtlGetAppContainerNamedObjectPath [0x77B47BF4+180]\n\r\n\tat sun.reflect.NativeConstructorAccessorImpl.newInstance0(Native Method)\r\n\tat sun.reflect.NativeConstructorAccessorImpl.newInstance(NativeConstructorAccessorImpl.java:62)\r\n\tat sun.reflect.DelegatingConstructorAccessorImpl.newInstance(DelegatingConstructorAccessorImpl.java:45)\r\n\tat java.lang.reflect.Constructor.newInstance(Constructor.java:423)\r\n\tat org.openqa.selenium.remote.W3CHandshakeResponse.lambda$errorHandler$0(W3CHandshakeResponse.java:62)\r\n\tat org.openqa.selenium.remote.HandshakeResponse.lambda$getResponseFunction$0(HandshakeResponse.java:30)\r\n\tat org.openqa.selenium.remote.ProtocolHandshake.lambda$createSession$0(ProtocolHandshake.java:126)\r\n\tat java.util.stream.ReferencePipeline$3$1.accept(ReferencePipeline.java:193)\r\n\tat java.util.Spliterators$ArraySpliterator.tryAdvance(Spliterators.java:958)\r\n\tat java.util.stream.ReferencePipeline.forEachWithCancel(ReferencePipeline.java:126)\r\n\tat java.util.stream.AbstractPipeline.copyIntoWithCancel(AbstractPipeline.java:499)\r\n\tat java.util.stream.AbstractPipeline.copyInto(AbstractPipeline.java:486)\r\n\tat java.util.stream.AbstractPipeline.wrapAndCopyInto(AbstractPipeline.java:472)\r\n\tat java.util.stream.FindOps$FindOp.evaluateSequential(FindOps.java:152)\r\n\tat java.util.stream.AbstractPipeline.evaluate(AbstractPipeline.java:234)\r\n\tat java.util.stream.ReferencePipeline.findFirst(ReferencePipeline.java:464)\r\n\tat org.openqa.selenium.remote.ProtocolHandshake.createSession(ProtocolHandshake.java:128)\r\n\tat org.openqa.selenium.remote.ProtocolHandshake.createSession(ProtocolHandshake.java:74)\r\n\tat org.openqa.selenium.remote.HttpCommandExecutor.execute(HttpCommandExecutor.java:136)\r\n\tat org.openqa.selenium.remote.service.DriverCommandExecutor.execute(DriverCommandExecutor.java:83)\r\n\tat org.openqa.selenium.remote.RemoteWebDriver.execute(RemoteWebDriver.java:552)\r\n\tat org.openqa.selenium.remote.RemoteWebDriver.startSession(RemoteWebDriver.java:213)\r\n\tat org.openqa.selenium.remote.RemoteWebDriver.<init>(RemoteWebDriver.java:131)\r\n\tat org.openqa.selenium.chrome.ChromeDriver.<init>(ChromeDriver.java:181)\r\n\tat org.openqa.selenium.chrome.ChromeDriver.<init>(ChromeDriver.java:168)\r\n\tat org.openqa.selenium.chrome.ChromeDriver.<init>(ChromeDriver.java:123)\r\n\tat com.java.testcases.BaseTest.setUp(BaseTest.java:23)\r\n\tat sun.reflect.NativeMethodAccessorImpl.invoke0(Native Method)\r\n\tat sun.reflect.NativeMethodAccessorImpl.invoke(NativeMethodAccessorImpl.java:62)\r\n\tat sun.reflect.DelegatingMethodAccessorImpl.invoke(DelegatingMethodAccessorImpl.java:43)\r\n\tat java.lang.reflect.Method.invoke(Method.java:498)\r\n\tat org.testng.internal.MethodInvocationHelper.invokeMethod(MethodInvocationHelper.java:124)\r\n\tat org.testng.internal.MethodInvocationHelper.invokeMethodConsideringTimeout(MethodInvocationHelper.java:59)\r\n\tat org.testng.internal.Invoker.invokeConfigurationMethod(Invoker.java:458)\r\n\tat org.testng.internal.Invoker.invokeConfigurations(Invoker.java:222)\r\n\tat org.testng.internal.Invoker.invokeMethod(Invoker.java:523)\r\n\tat org.testng.internal.Invoker.invokeTestMethod(Invoker.java:719)\r\n\tat org.testng.internal.Invoker.invokeTestMethods(Invoker.java:989)\r\n\tat org.testng.internal.TestMethodWorker.invokeTestMethods(TestMethodWorker.java:125)\r\n\tat org.testng.internal.TestMethodWorker.run(TestMethodWorker.java:109)\r\n\tat org.testng.TestRunner.privateRun(TestRunner.java:648)\r\n\tat org.testng.TestRunner.run(TestRunner.java:505)\r\n\tat org.testng.SuiteRunner.runTest(SuiteRunner.java:455)\r\n\tat org.testng.SuiteRunner.runSequentially(SuiteRunner.java:450)\r\n\tat org.testng.SuiteRunner.privateRun(SuiteRunner.java:415)\r\n\tat org.testng.SuiteRunner.run(SuiteRunner.java:364)\r\n\tat org.testng.SuiteRunnerWorker.runSuite(SuiteRunnerWorker.java:52)\r\n\tat org.testng.SuiteRunnerWorker.run(SuiteRunnerWorker.java:84)\r\n\tat org.testng.TestNG.runSuitesSequentially(TestNG.java:1208)\r\n\tat org.testng.TestNG.runSuitesLocally(TestNG.java:1137)\r\n\tat org.testng.TestNG.runSuites(TestNG.java:1049)\r\n\tat org.testng.TestNG.run(TestNG.java:1017)\r\n\tat org.apache.maven.surefire.testng.TestNGExecutor.run(TestNGExecutor.java:283)\r\n\tat org.apache.maven.surefire.testng.TestNGXmlTestSuite.execute(TestNGXmlTestSuite.java:75)\r\n\tat org.apache.maven.surefire.testng.TestNGProvider.invoke(TestNGProvider.java:120)\r\n\tat org.apache.maven.surefire.booter.ForkedBooter.invokeProviderInSameClassLoader(ForkedBooter.java:386)\r\n\tat org.apache.maven.surefire.booter.ForkedBooter.runSuitesInProcess(ForkedBooter.java:323)\r\n\tat org.apache.maven.surefire.booter.ForkedBooter.main(ForkedBooter.java:143)\r\n",
  "flaky" : false,
  "newFailed" : false,
  "beforeStages" : [ {
    "name" : "setUp",
    "time" : {
      "start" : 1603437886529,
      "stop" : 1603437900832,
      "duration" : 14303
    },
    "description" : "",
    "status" : "broken",
    "statusMessage" : "session not created\nfrom chrome not reachable\n  (Session info: chrome=86.0.4240.111)\nBuild info: version: '3.141.59', revision: 'e82be7d358', time: '2018-11-14T08:17:03'\nSystem info: host: 'INND3LTFVMHX33', ip: '192.168.1.100', os.name: 'Windows 10', os.arch: 'amd64', os.version: '10.0', java.version: '1.8.0_261'\nDriver info: driver.version: ChromeDriver\nremote stacktrace: Backtrace:\n\tOrdinal0 [0x005AC013+3194899]\n\tOrdinal0 [0x00496021+2056225]\n\tOrdinal0 [0x0032F4B0+586928]\n\tOrdinal0 [0x00325894+546964]\n\tOrdinal0 [0x00325F2C+548652]\n\tOrdinal0 [0x00327175+553333]\n\tOrdinal0 [0x0032241E+533534]\n\tOrdinal0 [0x00330620+591392]\n\tOrdinal0 [0x002D2A0C+207372]\n\tOrdinal0 [0x002D1D0D+204045]\n\tOrdinal0 [0x002CFC1B+195611]\n\tOrdinal0 [0x002B3B7F+80767]\n\tOrdinal0 [0x002B4B4E+84814]\n\tOrdinal0 [0x002B4AD9+84697]\n\tOrdinal0 [0x004ACE64+2149988]\n\tGetHandleVerifier [0x0071BE95+1400773]\n\tGetHandleVerifier [0x0071BB61+1399953]\n\tGetHandleVerifier [0x007231FA+1430314]\n\tGetHandleVerifier [0x0071C69F+1402831]\n\tOrdinal0 [0x004A3D61+2112865]\n\tOrdinal0 [0x004AE5CB+2155979]\n\tOrdinal0 [0x004AE6F5+2156277]\n\tOrdinal0 [0x004BF26E+2224750]\n\tBaseThreadInitThunk [0x76226359+25]\n\tRtlGetAppContainerNamedObjectPath [0x77B47C24+228]\n\tRtlGetAppContainerNamedObjectPath [0x77B47BF4+180]\n",
    "statusTrace" : "org.openqa.selenium.SessionNotCreatedException: session not created\nfrom chrome not reachable\n  (Session info: chrome=86.0.4240.111)\nBuild info: version: '3.141.59', revision: 'e82be7d358', time: '2018-11-14T08:17:03'\nSystem info: host: 'INND3LTFVMHX33', ip: '192.168.1.100', os.name: 'Windows 10', os.arch: 'amd64', os.version: '10.0', java.version: '1.8.0_261'\nDriver info: driver.version: ChromeDriver\nremote stacktrace: Backtrace:\n\tOrdinal0 [0x005AC013+3194899]\n\tOrdinal0 [0x00496021+2056225]\n\tOrdinal0 [0x0032F4B0+586928]\n\tOrdinal0 [0x00325894+546964]\n\tOrdinal0 [0x00325F2C+548652]\n\tOrdinal0 [0x00327175+553333]\n\tOrdinal0 [0x0032241E+533534]\n\tOrdinal0 [0x00330620+591392]\n\tOrdinal0 [0x002D2A0C+207372]\n\tOrdinal0 [0x002D1D0D+204045]\n\tOrdinal0 [0x002CFC1B+195611]\n\tOrdinal0 [0x002B3B7F+80767]\n\tOrdinal0 [0x002B4B4E+84814]\n\tOrdinal0 [0x002B4AD9+84697]\n\tOrdinal0 [0x004ACE64+2149988]\n\tGetHandleVerifier [0x0071BE95+1400773]\n\tGetHandleVerifier [0x0071BB61+1399953]\n\tGetHandleVerifier [0x007231FA+1430314]\n\tGetHandleVerifier [0x0071C69F+1402831]\n\tOrdinal0 [0x004A3D61+2112865]\n\tOrdinal0 [0x004AE5CB+2155979]\n\tOrdinal0 [0x004AE6F5+2156277]\n\tOrdinal0 [0x004BF26E+2224750]\n\tBaseThreadInitThunk [0x76226359+25]\n\tRtlGetAppContainerNamedObjectPath [0x77B47C24+228]\n\tRtlGetAppContainerNamedObjectPath [0x77B47BF4+180]\n\r\n\tat sun.reflect.NativeConstructorAccessorImpl.newInstance0(Native Method)\r\n\tat sun.reflect.NativeConstructorAccessorImpl.newInstance(NativeConstructorAccessorImpl.java:62)\r\n\tat sun.reflect.DelegatingConstructorAccessorImpl.newInstance(DelegatingConstructorAccessorImpl.java:45)\r\n\tat java.lang.reflect.Constructor.newInstance(Constructor.java:423)\r\n\tat org.openqa.selenium.remote.W3CHandshakeResponse.lambda$errorHandler$0(W3CHandshakeResponse.java:62)\r\n\tat org.openqa.selenium.remote.HandshakeResponse.lambda$getResponseFunction$0(HandshakeResponse.java:30)\r\n\tat org.openqa.selenium.remote.ProtocolHandshake.lambda$createSession$0(ProtocolHandshake.java:126)\r\n\tat java.util.stream.ReferencePipeline$3$1.accept(ReferencePipeline.java:193)\r\n\tat java.util.Spliterators$ArraySpliterator.tryAdvance(Spliterators.java:958)\r\n\tat java.util.stream.ReferencePipeline.forEachWithCancel(ReferencePipeline.java:126)\r\n\tat java.util.stream.AbstractPipeline.copyIntoWithCancel(AbstractPipeline.java:499)\r\n\tat java.util.stream.AbstractPipeline.copyInto(AbstractPipeline.java:486)\r\n\tat java.util.stream.AbstractPipeline.wrapAndCopyInto(AbstractPipeline.java:472)\r\n\tat java.util.stream.FindOps$FindOp.evaluateSequential(FindOps.java:152)\r\n\tat java.util.stream.AbstractPipeline.evaluate(AbstractPipeline.java:234)\r\n\tat java.util.stream.ReferencePipeline.findFirst(ReferencePipeline.java:464)\r\n\tat org.openqa.selenium.remote.ProtocolHandshake.createSession(ProtocolHandshake.java:128)\r\n\tat org.openqa.selenium.remote.ProtocolHandshake.createSession(ProtocolHandshake.java:74)\r\n\tat org.openqa.selenium.remote.HttpCommandExecutor.execute(HttpCommandExecutor.java:136)\r\n\tat org.openqa.selenium.remote.service.DriverCommandExecutor.execute(DriverCommandExecutor.java:83)\r\n\tat org.openqa.selenium.remote.RemoteWebDriver.execute(RemoteWebDriver.java:552)\r\n\tat org.openqa.selenium.remote.RemoteWebDriver.startSession(RemoteWebDriver.java:213)\r\n\tat org.openqa.selenium.remote.RemoteWebDriver.<init>(RemoteWebDriver.java:131)\r\n\tat org.openqa.selenium.chrome.ChromeDriver.<init>(ChromeDriver.java:181)\r\n\tat org.openqa.selenium.chrome.ChromeDriver.<init>(ChromeDriver.java:168)\r\n\tat org.openqa.selenium.chrome.ChromeDriver.<init>(ChromeDriver.java:123)\r\n\tat com.java.testcases.BaseTest.setUp(BaseTest.java:23)\r\n\tat sun.reflect.NativeMethodAccessorImpl.invoke0(Native Method)\r\n\tat sun.reflect.NativeMethodAccessorImpl.invoke(NativeMethodAccessorImpl.java:62)\r\n\tat sun.reflect.DelegatingMethodAccessorImpl.invoke(DelegatingMethodAccessorImpl.java:43)\r\n\tat java.lang.reflect.Method.invoke(Method.java:498)\r\n\tat org.testng.internal.MethodInvocationHelper.invokeMethod(MethodInvocationHelper.java:124)\r\n\tat org.testng.internal.MethodInvocationHelper.invokeMethodConsideringTimeout(MethodInvocationHelper.java:59)\r\n\tat org.testng.internal.Invoker.invokeConfigurationMethod(Invoker.java:458)\r\n\tat org.testng.internal.Invoker.invokeConfigurations(Invoker.java:222)\r\n\tat org.testng.internal.Invoker.invokeMethod(Invoker.java:523)\r\n\tat org.testng.internal.Invoker.invokeTestMethod(Invoker.java:719)\r\n\tat org.testng.internal.Invoker.invokeTestMethods(Invoker.java:989)\r\n\tat org.testng.internal.TestMethodWorker.invokeTestMethods(TestMethodWorker.java:125)\r\n\tat org.testng.internal.TestMethodWorker.run(TestMethodWorker.java:109)\r\n\tat org.testng.TestRunner.privateRun(TestRunner.java:648)\r\n\tat org.testng.TestRunner.run(TestRunner.java:505)\r\n\tat org.testng.SuiteRunner.runTest(SuiteRunner.java:455)\r\n\tat org.testng.SuiteRunner.runSequentially(SuiteRunner.java:450)\r\n\tat org.testng.SuiteRunner.privateRun(SuiteRunner.java:415)\r\n\tat org.testng.SuiteRunner.run(SuiteRunner.java:364)\r\n\tat org.testng.SuiteRunnerWorker.runSuite(SuiteRunnerWorker.java:52)\r\n\tat org.testng.SuiteRunnerWorker.run(SuiteRunnerWorker.java:84)\r\n\tat org.testng.TestNG.runSuitesSequentially(TestNG.java:1208)\r\n\tat org.testng.TestNG.runSuitesLocally(TestNG.java:1137)\r\n\tat org.testng.TestNG.runSuites(TestNG.java:1049)\r\n\tat org.testng.TestNG.run(TestNG.java:1017)\r\n\tat org.apache.maven.surefire.testng.TestNGExecutor.run(TestNGExecutor.java:283)\r\n\tat org.apache.maven.surefire.testng.TestNGXmlTestSuite.execute(TestNGXmlTestSuite.java:75)\r\n\tat org.apache.maven.surefire.testng.TestNGProvider.invoke(TestNGProvider.java:120)\r\n\tat org.apache.maven.surefire.booter.ForkedBooter.invokeProviderInSameClassLoader(ForkedBooter.java:386)\r\n\tat org.apache.maven.surefire.booter.ForkedBooter.runSuitesInProcess(ForkedBooter.java:323)\r\n\tat org.apache.maven.surefire.booter.ForkedBooter.main(ForkedBooter.java:143)\r\n",
    "steps" : [ ],
    "attachments" : [ ],
    "parameters" : [ ],
    "attachmentsCount" : 0,
    "shouldDisplayMessage" : true,
    "hasContent" : true,
    "stepsCount" : 0
  } ],
  "afterStages" : [ ],
  "labels" : [ {
    "name" : "package",
    "value" : "com.java.testcases.HomeTest"
  }, {
    "name" : "testClass",
    "value" : "com.java.testcases.HomeTest"
  }, {
    "name" : "testMethod",
    "value" : "verifyTitle"
  }, {
    "name" : "parentSuite",
    "value" : "Suite"
  }, {
    "name" : "suite",
    "value" : "Test"
  }, {
    "name" : "subSuite",
    "value" : "com.java.testcases.HomeTest"
  }, {
    "name" : "host",
    "value" : "INND3LTFVMHX33"
  }, {
    "name" : "thread",
    "value" : "79024@INND3LTFVMHX33.main(1)"
  }, {
    "name" : "framework",
    "value" : "testng"
  }, {
    "name" : "language",
    "value" : "java"
  }, {
    "name" : "resultFormat",
    "value" : "allure2"
  } ],
  "parameters" : [ ],
  "links" : [ ],
  "hidden" : true,
  "retry" : true,
  "extra" : {
    "categories" : [ ],
    "tags" : [ ]
  },
  "source" : "cf54c0d1ca5425b6.json",
  "parameterValues" : [ ]
}